<?xml version="1.0" encoding="UTF-8"?>
<!-- Generated by org.testng.reporters.JUnitReportReporter -->
<testsuite skipped="0" hostname="DESKTOP-7FT6705" name="com.crm.qa.testcases.LoginPageTest" tests="3" failures="0" timestamp="08 Jan 2018 05:38:05 GMT" time="18.407" errors="0">
  <testcase name="loginPageTitleTest" time="5.221" classname="com.crm.qa.testcases.LoginPageTest"/>
  <testcase name="CRMLogoImageTest" time="6.043" classname="com.crm.qa.testcases.LoginPageTest"/>
  <testcase name="loginTest" time="7.143" classname="com.crm.qa.testcases.LoginPageTest"/>
</testsuite> <!-- com.crm.qa.testcases.LoginPageTest -->
