<?xml version="1.0" encoding="UTF-8"?>
<!-- Generated by org.testng.reporters.JUnitReportReporter -->
<testsuite skipped="0" hostname="DESKTOP-7FT6705" name="com.crm.qa.testcases.AddNewContactsTest" tests="3" failures="0" timestamp="08 Jan 2018 03:44:08 GMT" time="37.896" errors="0">
  <testcase name="createNewContact" time="14.995" classname="com.crm.qa.testcases.AddNewContactsTest"/>
  <testcase name="createNewContact" time="11.424" classname="com.crm.qa.testcases.AddNewContactsTest"/>
  <testcase name="createNewContact" time="11.477" classname="com.crm.qa.testcases.AddNewContactsTest"/>
</testsuite> <!-- com.crm.qa.testcases.AddNewContactsTest -->
