<?xml version="1.0" encoding="UTF-8"?>
<!-- Generated by org.testng.reporters.JUnitReportReporter -->
<testsuite skipped="0" hostname="DESKTOP-7FT6705" name="com.crm.qa.testcases.HomePageTest" tests="3" failures="0" timestamp="08 Jan 2018 05:38:05 GMT" time="27.010" errors="0">
  <testcase name="verifyHomePageTitleTest" time="7.353" classname="com.crm.qa.testcases.HomePageTest"/>
  <testcase name="verifyUsernameTest" time="10.028" classname="com.crm.qa.testcases.HomePageTest"/>
  <testcase name="verifyContactsLinkTest" time="9.629" classname="com.crm.qa.testcases.HomePageTest"/>
</testsuite> <!-- com.crm.qa.testcases.HomePageTest -->
