<?xml version="1.0" encoding="UTF-8"?>
<!-- Generated by org.testng.reporters.JUnitReportReporter -->
<testsuite skipped="0" hostname="DESKTOP-7FT6705" name="com.crm.qa.testcases.AddNewContactsTest" tests="3" failures="0" timestamp="09 Jan 2018 05:58:48 GMT" time="42.343" errors="0">
  <testcase name="createNewContact" time="15.901" classname="com.crm.qa.testcases.AddNewContactsTest"/>
  <testcase name="createNewContact" time="14.109" classname="com.crm.qa.testcases.AddNewContactsTest"/>
  <testcase name="createNewContact" time="12.333" classname="com.crm.qa.testcases.AddNewContactsTest"/>
</testsuite> <!-- com.crm.qa.testcases.AddNewContactsTest -->
