<?xml version="1.0" encoding="UTF-8"?>
<!-- Generated by org.testng.reporters.JUnitReportReporter -->
<testsuite skipped="0" hostname="DESKTOP-7FT6705" name="com.crm.qa.testcases.LoginPageTest" tests="3" failures="0" timestamp="09 Jan 2018 05:58:48 GMT" time="17.789" errors="0">
  <testcase name="loginPageTitleTest" time="5.263" classname="com.crm.qa.testcases.LoginPageTest"/>
  <testcase name="CRMLogoImageTest" time="5.346" classname="com.crm.qa.testcases.LoginPageTest"/>
  <testcase name="loginTest" time="7.180" classname="com.crm.qa.testcases.LoginPageTest"/>
</testsuite> <!-- com.crm.qa.testcases.LoginPageTest -->
