<?xml version="1.0" encoding="UTF-8"?>
<!-- Generated by org.testng.reporters.JUnitReportReporter -->
<testsuite skipped="0" hostname="DESKTOP-7FT6705" name="com.crm.qa.testcases.HomePageTest" tests="3" failures="0" timestamp="09 Jan 2018 05:58:48 GMT" time="24.265" errors="0">
  <testcase name="verifyHomePageTitleTest" time="7.090" classname="com.crm.qa.testcases.HomePageTest"/>
  <testcase name="verifyUsernameTest" time="6.867" classname="com.crm.qa.testcases.HomePageTest"/>
  <testcase name="verifyContactsLinkTest" time="10.308" classname="com.crm.qa.testcases.HomePageTest"/>
</testsuite> <!-- com.crm.qa.testcases.HomePageTest -->
